<?xml version="1.0" encoding="UTF-8"?>
<!-- Generated by org.testng.reporters.JUnitReportReporter -->
<testsuite hostname="avijdas4" failures="0" tests="1" name="com.training.sanity.tests.LoginTests" time="7.619" errors="0" timestamp="31 Dec 2018 11:53:27 GMT" skipped="0">
  <testcase classname="com.training.sanity.tests.LoginTests" name="validLoginTest" time="7.619"/>
</testsuite> <!-- com.training.sanity.tests.LoginTests -->
