<?xml version="1.0" encoding="UTF-8"?>
<!-- Generated by org.testng.reporters.JUnitReportReporter -->
<testsuite hostname="avijdas4" failures="0" tests="2" name="com.training.sanity.tests.ChangeRoleTest" time="19.550" errors="0" timestamp="20 Dec 2018 07:56:55 GMT" skipped="0">
  <testcase classname="com.training.sanity.tests.ChangeRoleTest" name="validLogin" time="10.608"/>
  <testcase classname="com.training.sanity.tests.ChangeRoleTest" name="changeUserRole" time="8.942"/>
</testsuite> <!-- com.training.sanity.tests.ChangeRoleTest -->
