<?xml version="1.0" encoding="UTF-8"?>
<!-- Generated by org.testng.reporters.JUnitReportReporter -->
<testsuite hostname="avijdas4" failures="0" tests="2" name="com.training.sanity.tests.RETC_025_PropertyFilterTests" time="22.861" errors="0" timestamp="07 Jan 2019 07:40:36 GMT" skipped="0">
  <testcase classname="com.training.sanity.tests.RETC_025_PropertyFilterTests" name="validLoginTest" time="9.006"/>
  <testcase classname="com.training.sanity.tests.RETC_025_PropertyFilterTests" name="validLoginTest" time="13.855"/>
</testsuite> <!-- com.training.sanity.tests.RETC_025_PropertyFilterTests -->
