<?xml version="1.0" encoding="UTF-8"?>
<!-- Generated by org.testng.reporters.JUnitReportReporter -->
<testsuite hostname="avijdas4" failures="0" tests="4" name="com.training.complex.tests.RETC_082_AddMultipleRegionsTests" time="36.974" errors="0" timestamp="10 Jan 2019 12:13:31 GMT" skipped="0">
  <testcase classname="com.training.complex.tests.RETC_082_AddMultipleRegionsTests" name="validLoginTest" time="9.190"/>
  <testcase classname="com.training.complex.tests.RETC_082_AddMultipleRegionsTests" name="addRegionsTest" time="12.603"/>
  <testcase classname="com.training.complex.tests.RETC_082_AddMultipleRegionsTests" name="addRegionsTest" time="7.810"/>
  <testcase classname="com.training.complex.tests.RETC_082_AddMultipleRegionsTests" name="addRegionsTest" time="7.371"/>
</testsuite> <!-- com.training.complex.tests.RETC_082_AddMultipleRegionsTests -->
