<?xml version="1.0" encoding="UTF-8"?>
<!-- Generated by org.testng.reporters.JUnitReportReporter -->
<testsuite hostname="avijdas4" failures="0" tests="1" name="com.training.rough.tests.FetchDataFromDB" time="0.360" errors="0" timestamp="10 Jan 2019 09:42:27 GMT" skipped="0">
  <testcase classname="com.training.rough.tests.FetchDataFromDB" name="dbTest" time="0.360"/>
</testsuite> <!-- com.training.rough.tests.FetchDataFromDB -->
