<?xml version="1.0" encoding="UTF-8"?>
<!-- Generated by org.testng.reporters.JUnitReportReporter -->
<testsuite hostname="avijdas4" failures="0" tests="2" name="com.training.sanity.tests.RETC_025_PropertyFilterTests" time="20.893" errors="0" timestamp="03 Jan 2019 16:06:02 GMT" skipped="0">
  <testcase classname="com.training.sanity.tests.RETC_025_PropertyFilterTests" name="validLoginTest" time="11.676"/>
  <testcase classname="com.training.sanity.tests.RETC_025_PropertyFilterTests" name="changeUserRoleTest" time="9.217"/>
</testsuite> <!-- com.training.sanity.tests.RETC_025_PropertyFilterTests -->
