<?xml version="1.0" encoding="UTF-8"?>
<!-- Generated by org.testng.reporters.JUnitReportReporter -->
<testsuite hostname="avijdas4" failures="0" tests="4" name="com.training.complex.tests.RETC_083_AddMultiplePostsTests" time="78.763" errors="0" timestamp="10 Jan 2019 12:35:57 GMT" skipped="0">
  <testcase classname="com.training.complex.tests.RETC_083_AddMultiplePostsTests" name="validLoginTest" time="9.243"/>
  <testcase classname="com.training.complex.tests.RETC_083_AddMultiplePostsTests" name="addPostsTest" time="33.210"/>
  <testcase classname="com.training.complex.tests.RETC_083_AddMultiplePostsTests" name="addPostsTest" time="17.167"/>
  <testcase classname="com.training.complex.tests.RETC_083_AddMultiplePostsTests" name="addPostsTest" time="19.143"/>
</testsuite> <!-- com.training.complex.tests.RETC_083_AddMultiplePostsTests -->
