<?xml version="1.0" encoding="UTF-8"?>
<!-- Generated by org.testng.reporters.JUnitReportReporter -->
<testsuite hostname="avijdas4" failures="0" tests="2" name="com.training.sanity.tests.ChangeRoleTest" time="20.879" errors="0" timestamp="31 Dec 2018 10:55:04 GMT" skipped="0">
  <testcase classname="com.training.sanity.tests.ChangeRoleTest" name="validLogin" time="10.075"/>
  <testcase classname="com.training.sanity.tests.ChangeRoleTest" name="changeUserRole" time="10.804"/>
</testsuite> <!-- com.training.sanity.tests.ChangeRoleTest -->
