<?xml version="1.0" encoding="UTF-8"?>
<!-- Generated by org.testng.reporters.JUnitReportReporter -->
<testsuite hostname="avijdas4" failures="0" tests="4" name="com.training.complex.tests.RETC_084_CreatInvalidUserTests" time="164.235" errors="0" timestamp="10 Jan 2019 13:12:16 GMT" skipped="0">
  <testcase classname="com.training.complex.tests.RETC_084_CreatInvalidUserTests" name="validLogin" time="9.721"/>
  <testcase classname="com.training.complex.tests.RETC_084_CreatInvalidUserTests" name="createInvalidUserTest" time="19.828"/>
  <testcase classname="com.training.complex.tests.RETC_084_CreatInvalidUserTests" name="createInvalidUserTest" time="67.954"/>
  <testcase classname="com.training.complex.tests.RETC_084_CreatInvalidUserTests" name="createInvalidUserTest" time="66.732"/>
</testsuite> <!-- com.training.complex.tests.RETC_084_CreatInvalidUserTests -->
