<?xml version="1.0" encoding="UTF-8"?>
<!-- Generated by org.testng.reporters.JUnitReportReporter -->
<testsuite hostname="avijdas4" failures="0" tests="1" name="com.training.sanity.tests.LoginTests" time="21.119" errors="0" timestamp="24 Dec 2018 06:02:24 GMT" skipped="0">
  <testcase classname="com.training.sanity.tests.LoginTests" name="validLoginTest" time="21.119"/>
</testsuite> <!-- com.training.sanity.tests.LoginTests -->
