<?xml version="1.0" encoding="UTF-8"?>
<!-- Generated by org.testng.reporters.JUnitReportReporter -->
<testsuite hostname="avijdas4" failures="0" tests="2" name="com.training.sanity.tests.RETC_022_ChangeRoleTest" time="16.284" errors="0" timestamp="03 Jan 2019 16:06:02 GMT" skipped="0">
  <testcase classname="com.training.sanity.tests.RETC_022_ChangeRoleTest" name="validLogin" time="8.807"/>
  <testcase classname="com.training.sanity.tests.RETC_022_ChangeRoleTest" name="changeUserRole" time="7.477"/>
</testsuite> <!-- com.training.sanity.tests.RETC_022_ChangeRoleTest -->
