<?xml version="1.0" encoding="UTF-8"?>
<!-- Generated by org.testng.reporters.JUnitReportReporter -->
<testsuite hostname="avijdas4" failures="0" tests="2" name="com.training.sanity.tests.RETC_059_MoveToTrash" time="31.850" errors="0" timestamp="28 Dec 2018 19:41:48 GMT" skipped="0">
  <testcase classname="com.training.sanity.tests.RETC_059_MoveToTrash" name="validLoginTest" time="9.524"/>
  <testcase classname="com.training.sanity.tests.RETC_059_MoveToTrash" name="changeUserRoleTest" time="22.326"/>
</testsuite> <!-- com.training.sanity.tests.RETC_059_MoveToTrash -->
