<?xml version="1.0" encoding="UTF-8"?>
<!-- Generated by org.testng.reporters.JUnitReportReporter -->
<testsuite hostname="avijdas4" failures="0" tests="1" name="com.training.sanity.tests.ChangeRoleTest" time="104.520" errors="0" timestamp="19 Dec 2018 17:13:13 GMT" skipped="0">
  <testcase classname="com.training.sanity.tests.ChangeRoleTest" name="validLoginTest" time="104.520"/>
</testsuite> <!-- com.training.sanity.tests.ChangeRoleTest -->
