<?xml version="1.0" encoding="UTF-8"?>
<!-- Generated by org.testng.reporters.JUnitReportReporter -->
<testsuite hostname="avijdas4" failures="0" tests="3" name="com.training.sanity.tests.RETC_053_RestoreFromTrashTests" time="94.484" errors="0" timestamp="01 Jan 2019 09:54:19 GMT" skipped="0">
  <testcase classname="com.training.sanity.tests.RETC_053_RestoreFromTrashTests" name="validLoginTest" time="8.743"/>
  <testcase classname="com.training.sanity.tests.RETC_053_RestoreFromTrashTests" name="changeUserRoleTest" time="16.448"/>
  <testcase classname="com.training.sanity.tests.RETC_053_RestoreFromTrashTests" name="restorePropertyTest" time="69.293"/>
</testsuite> <!-- com.training.sanity.tests.RETC_053_RestoreFromTrashTests -->
