<?xml version="1.0" encoding="UTF-8"?>
<!-- Generated by org.testng.reporters.JUnitReportReporter -->
<testsuite hostname="avijdas4" failures="0" tests="1" name="com.training.rough.tests.RashmitaTests" time="40.611" errors="0" timestamp="01 Jan 2019 11:20:52 GMT" skipped="0">
  <testcase classname="com.training.rough.tests.RashmitaTests" name="subscribeTest" time="40.611"/>
</testsuite> <!-- com.training.rough.tests.RashmitaTests -->
