<?xml version="1.0" encoding="UTF-8"?>
<!-- Generated by org.testng.reporters.JUnitReportReporter -->
<testsuite hostname="avijdas4" failures="0" tests="2" name="com.training.sanity.tests.RETC_047_AddNewFeatureTests" time="74.203" errors="0" timestamp="31 Dec 2018 19:01:20 GMT" skipped="0">
  <testcase classname="com.training.sanity.tests.RETC_047_AddNewFeatureTests" name="validLoginTest" time="10.224"/>
  <testcase classname="com.training.sanity.tests.RETC_047_AddNewFeatureTests" name="changeUserRoleTest" time="63.979"/>
</testsuite> <!-- com.training.sanity.tests.RETC_047_AddNewFeatureTests -->
