<?xml version="1.0" encoding="UTF-8"?>
<!-- Generated by org.testng.reporters.JUnitReportReporter -->
<testsuite hostname="avijdas4" failures="0" tests="2" name="com.training.rough.tests.VerifyAddedUserTest" time="15.421" errors="0" timestamp="26 Dec 2018 14:55:21 GMT" skipped="0">
  <testcase classname="com.training.rough.tests.VerifyAddedUserTest" name="validLoginTest" time="9.288"/>
  <testcase classname="com.training.rough.tests.VerifyAddedUserTest" name="verifyUserPresentTest" time="6.133"/>
</testsuite> <!-- com.training.rough.tests.VerifyAddedUserTest -->
