<?xml version="1.0" encoding="UTF-8"?>
<!-- Generated by org.testng.reporters.JUnitReportReporter -->
<testsuite hostname="avijdas4" failures="0" tests="2" name="com.training.complex.tests.RETC_085_DisplayAddedPropertyTests" time="79.626" errors="0" timestamp="10 Jan 2019 12:47:46 GMT" skipped="0">
  <testcase classname="com.training.complex.tests.RETC_085_DisplayAddedPropertyTests" name="validLoginTest" time="11.096"/>
  <testcase classname="com.training.complex.tests.RETC_085_DisplayAddedPropertyTests" name="addPropertyTest" time="68.530"/>
</testsuite> <!-- com.training.complex.tests.RETC_085_DisplayAddedPropertyTests -->
