<?xml version="1.0" encoding="UTF-8"?>
<!-- Generated by org.testng.reporters.JUnitReportReporter -->
<testsuite hostname="avijdas4" failures="0" tests="2" name="com.training.sanity.tests.ChangeRoleTest" time="28.086" errors="0" timestamp="03 Jan 2019 08:13:21 GMT" skipped="0">
  <testcase classname="com.training.sanity.tests.ChangeRoleTest" name="validLogin" time="13.248"/>
  <testcase classname="com.training.sanity.tests.ChangeRoleTest" name="changeUserRole" time="14.838"/>
</testsuite> <!-- com.training.sanity.tests.ChangeRoleTest -->
