<?xml version="1.0" encoding="UTF-8"?>
<!-- Generated by org.testng.reporters.JUnitReportReporter -->
<testsuite hostname="avijdas4" failures="0" tests="2" name="com.training.sanity.tests.RETC_021_DeleteTagTests" time="21.364" errors="0" timestamp="20 Dec 2018 14:34:38 GMT" skipped="0">
  <testcase classname="com.training.sanity.tests.RETC_021_DeleteTagTests" name="validLoginTest" time="10.555"/>
  <testcase classname="com.training.sanity.tests.RETC_021_DeleteTagTests" name="deleteTagsTest" time="10.809"/>
</testsuite> <!-- com.training.sanity.tests.RETC_021_DeleteTagTests -->
