<?xml version="1.0" encoding="UTF-8"?>
<!-- Generated by org.testng.reporters.JUnitReportReporter -->
<testsuite hostname="avijdas4" failures="0" tests="2" name="com.training.sanity.tests.RETC_035_VerifyAddedUserTests" time="25.110" errors="0" timestamp="01 Jan 2019 10:01:52 GMT" skipped="0">
  <testcase classname="com.training.sanity.tests.RETC_035_VerifyAddedUserTests" name="validLogin" time="10.900"/>
  <testcase classname="com.training.sanity.tests.RETC_035_VerifyAddedUserTests" name="changeUserRole" time="14.210"/>
</testsuite> <!-- com.training.sanity.tests.RETC_035_VerifyAddedUserTests -->
