<?xml version="1.0" encoding="UTF-8"?>
<!-- Generated by org.testng.reporters.JUnitReportReporter -->
<testsuite hostname="avijdas4" failures="0" tests="2" name="com.training.sanity.tests.RETC_047_AddNewFeatureTests" time="31.793" errors="0" timestamp="28 Dec 2018 08:30:11 GMT" skipped="0">
  <testcase classname="com.training.sanity.tests.RETC_047_AddNewFeatureTests" name="validLoginTest" time="8.065"/>
  <testcase classname="com.training.sanity.tests.RETC_047_AddNewFeatureTests" name="changeUserRoleTest" time="23.728"/>
</testsuite> <!-- com.training.sanity.tests.RETC_047_AddNewFeatureTests -->
