<?xml version="1.0" encoding="UTF-8"?>
<!-- Generated by org.testng.reporters.JUnitReportReporter -->
<testsuite hostname="avijdas4" failures="0" tests="2" name="com.training.sanity.tests.RETC_041_VerifyCommentTests" time="26.905" errors="0" timestamp="29 Dec 2018 10:46:44 GMT" skipped="0">
  <testcase classname="com.training.sanity.tests.RETC_041_VerifyCommentTests" name="userLoginTest" time="8.608"/>
  <testcase classname="com.training.sanity.tests.RETC_041_VerifyCommentTests" name="verifyCommentInAdminPageTest" time="18.297"/>
</testsuite> <!-- com.training.sanity.tests.RETC_041_VerifyCommentTests -->
