<?xml version="1.0" encoding="UTF-8"?>
<!-- Generated by org.testng.reporters.JUnitReportReporter -->
<testsuite hostname="avijdas4" failures="0" tests="2" name="com.training.sanity.tests.ChangeRoleTest" time="18.213" errors="0" timestamp="26 Dec 2018 13:24:02 GMT" skipped="0">
  <testcase classname="com.training.sanity.tests.ChangeRoleTest" name="validLogin" time="9.178"/>
  <testcase classname="com.training.sanity.tests.ChangeRoleTest" name="changeUserRole" time="9.035"/>
</testsuite> <!-- com.training.sanity.tests.ChangeRoleTest -->
