<?xml version="1.0" encoding="UTF-8"?>
<!-- Generated by org.testng.reporters.JUnitReportReporter -->
<testsuite hostname="avijdas4" failures="0" tests="2" name="com.training.sanity.tests.RETC_041_VerifyCommentTests" time="23.787" errors="0" timestamp="31 Dec 2018 05:09:49 GMT" skipped="0">
  <testcase classname="com.training.sanity.tests.RETC_041_VerifyCommentTests" name="userLoginTest" time="9.253"/>
  <testcase classname="com.training.sanity.tests.RETC_041_VerifyCommentTests" name="verifyCommentInAdminPageTest" time="14.534"/>
</testsuite> <!-- com.training.sanity.tests.RETC_041_VerifyCommentTests -->
