<?xml version="1.0" encoding="UTF-8"?>
<!-- Generated by org.testng.reporters.JUnitReportReporter -->
<testsuite hostname="avijdas4" failures="0" tests="2" name="com.training.sanity.tests.PropertyFilterTests" time="17.581" errors="0" timestamp="20 Dec 2018 13:45:46 GMT" skipped="0">
  <testcase classname="com.training.sanity.tests.PropertyFilterTests" name="validLoginTest" time="8.599"/>
  <testcase classname="com.training.sanity.tests.PropertyFilterTests" name="changeUserRoleTest" time="8.982"/>
</testsuite> <!-- com.training.sanity.tests.PropertyFilterTests -->
