<?xml version="1.0" encoding="UTF-8"?>
<!-- Generated by org.testng.reporters.JUnitReportReporter -->
<testsuite hostname="avijdas4" failures="0" tests="1" name="com.training.sanity.tests.LoginTests" time="42.392" errors="0" timestamp="20 Dec 2018 14:37:15 GMT" skipped="0">
  <testcase classname="com.training.sanity.tests.LoginTests" name="validLoginTest" time="42.392"/>
</testsuite> <!-- com.training.sanity.tests.LoginTests -->
