<?xml version="1.0" encoding="UTF-8"?>
<!-- Generated by org.testng.reporters.JUnitReportReporter -->
<testsuite hostname="avijdas4" failures="0" tests="1" name="com.training.rough.tests.LoginTests" time="7.910" errors="0" timestamp="03 Jan 2019 12:29:07 GMT" skipped="0">
  <testcase classname="com.training.rough.tests.LoginTests" name="validLoginTest" time="7.910"/>
</testsuite> <!-- com.training.rough.tests.LoginTests -->
