<?xml version="1.0" encoding="UTF-8"?>
<!-- Generated by org.testng.reporters.JUnitReportReporter -->
<testsuite hostname="avijdas4" failures="0" tests="1" name="com.training.rough.tests.PropertyFilterTests" time="9.762" errors="0" timestamp="03 Jan 2019 12:29:07 GMT" skipped="0">
  <testcase classname="com.training.rough.tests.PropertyFilterTests" name="changeUserRoleTest" time="9.762"/>
</testsuite> <!-- com.training.rough.tests.PropertyFilterTests -->
