<?xml version="1.0" encoding="UTF-8"?>
<!-- Generated by org.testng.reporters.JUnitReportReporter -->
<testsuite hostname="avijdas4" failures="0" tests="3" name="com.training.sanity.tests.RETC_053_RestoreFromTrashTests" time="121.593" errors="0" timestamp="28 Dec 2018 18:05:13 GMT" skipped="0">
  <testcase classname="com.training.sanity.tests.RETC_053_RestoreFromTrashTests" name="validLoginTest" time="7.872"/>
  <testcase classname="com.training.sanity.tests.RETC_053_RestoreFromTrashTests" name="changeUserRoleTest" time="12.215"/>
  <testcase classname="com.training.sanity.tests.RETC_053_RestoreFromTrashTests" name="restorePropertyTest" time="101.506"/>
</testsuite> <!-- com.training.sanity.tests.RETC_053_RestoreFromTrashTests -->
