<?xml version="1.0" encoding="UTF-8"?>
<!-- Generated by org.testng.reporters.JUnitReportReporter -->
<testsuite hostname="avijdas4" failures="0" tests="2" name="com.training.sanity.tests.DeleteUserTest" time="20.053" errors="0" timestamp="20 Dec 2018 16:16:17 GMT" skipped="0">
  <testcase classname="com.training.sanity.tests.DeleteUserTest" name="validLogin" time="8.650"/>
  <testcase classname="com.training.sanity.tests.DeleteUserTest" name="changeUserRole" time="11.403"/>
</testsuite> <!-- com.training.sanity.tests.DeleteUserTest -->
