<?xml version="1.0" encoding="UTF-8"?>
<!-- Generated by org.testng.reporters.JUnitReportReporter -->
<testsuite hostname="avijdas4" failures="0" tests="2" name="com.training.sanity.tests.TC_35_VerifyAddedUserTests" time="31.173" errors="0" timestamp="26 Dec 2018 16:33:23 GMT" skipped="0">
  <testcase classname="com.training.sanity.tests.TC_35_VerifyAddedUserTests" name="validLogin" time="9.610"/>
  <testcase classname="com.training.sanity.tests.TC_35_VerifyAddedUserTests" name="changeUserRole" time="21.563"/>
</testsuite> <!-- com.training.sanity.tests.TC_35_VerifyAddedUserTests -->
