<?xml version="1.0" encoding="UTF-8"?>
<!-- Generated by org.testng.reporters.JUnitReportReporter -->
<testsuite hostname="avijdas4" failures="0" tests="2" name="com.training.sanity.tests.RETC_059_MoveToTrashTests" time="24.564" errors="0" timestamp="01 Jan 2019 09:33:51 GMT" skipped="0">
  <testcase classname="com.training.sanity.tests.RETC_059_MoveToTrashTests" name="validLoginTest" time="8.292"/>
  <testcase classname="com.training.sanity.tests.RETC_059_MoveToTrashTests" name="changeUserRoleTest" time="16.272"/>
</testsuite> <!-- com.training.sanity.tests.RETC_059_MoveToTrashTests -->
