<?xml version="1.0" encoding="UTF-8"?>
<!-- Generated by org.testng.reporters.JUnitReportReporter -->
<testsuite hostname="avijdas4" failures="0" tests="3" name="com.training.rough.tests.OpenMultipleWindows" time="15.572" errors="0" timestamp="05 Jan 2019 04:35:20 GMT" skipped="0">
  <testcase classname="com.training.rough.tests.OpenMultipleWindows" name="userLoginTest" time="7.216"/>
  <testcase classname="com.training.rough.tests.OpenMultipleWindows" name="postCommentTest" time="8.349"/>
  <testcase classname="com.training.rough.tests.OpenMultipleWindows" name="verifyCommentInAdminPageTest" time="0.007"/>
</testsuite> <!-- com.training.rough.tests.OpenMultipleWindows -->
