<?xml version="1.0" encoding="UTF-8"?>
<!-- Generated by org.testng.reporters.JUnitReportReporter -->
<testsuite hostname="avijdas4" failures="0" tests="2" name="com.training.sanity.tests.AddNewUserTests" time="31.649" errors="0" timestamp="20 Dec 2018 18:02:15 GMT" skipped="0">
  <testcase classname="com.training.sanity.tests.AddNewUserTests" name="validLogin" time="9.106"/>
  <testcase classname="com.training.sanity.tests.AddNewUserTests" name="changeUserRole" time="22.543"/>
</testsuite> <!-- com.training.sanity.tests.AddNewUserTests -->
