<?xml version="1.0" encoding="UTF-8"?>
<!-- Generated by org.testng.reporters.JUnitReportReporter -->
<testsuite hostname="avijdas4" failures="0" tests="2" name="com.training.complex.tests.RETC_081_FeatureDBTests" time="16.563" errors="0" timestamp="10 Jan 2019 10:50:36 GMT" skipped="0">
  <testcase classname="com.training.complex.tests.RETC_081_FeatureDBTests" name="validLoginTest" time="7.918"/>
  <testcase classname="com.training.complex.tests.RETC_081_FeatureDBTests" name="addFeatureDBTest" time="8.645"/>
</testsuite> <!-- com.training.complex.tests.RETC_081_FeatureDBTests -->
